Flutter crash report.
Please report a bug at https://github.com/flutter/flutter/issues.

## command

flutter --verbose assemble --no-version-check --output=/Users/macbook/Library/Developer/Xcode/DerivedData/MyIOSApp-biltodqlmqnhwfbaclhefvjxfuij/Build/Intermediates.noindex/Previews/MyIOSApp/Products/Debug/ -dTargetPlatform=ios -dTargetFile=lib/main.dart -dBuildMode=debug -dIosArchs=x86_64 -dSdkRoot=/Applications/Xcode.app/Contents/Developer/Platforms/MacOSX.platform/Developer/SDKs/MacOSX14.2.sdk -dSplitDebugInfo= -dTreeShakeIcons=true -dTrackWidgetCreation=false -dDartObfuscation=false -dAction=build -dFrontendServerStarterPath= --ExtraGenSnapshotOptions= --DartDefines= --ExtraFrontEndOptions= -dCodesignIdentity=- debug_ios_bundle_flutter_assets

## exception

_TypeError: Null check operator used on a null value

```
#0      NativeAssets._buildIOS (package:flutter_tools/src/build_system/targets/native_assets.dart:290:68)
#1      NativeAssets.build (package:flutter_tools/src/build_system/targets/native_assets.dart:85:32)
<asynchronous suspension>
#2      _BuildInstance._invokeInternal (package:flutter_tools/src/build_system/build_system.dart:861:9)
<asynchronous suspension>
#3      Future.wait.<anonymous closure> (dart:async/future.dart:518:21)
<asynchronous suspension>
#4      _BuildInstance.invokeTarget (package:flutter_tools/src/build_system/build_system.dart:799:32)
<asynchronous suspension>
#5      Future.wait.<anonymous closure> (dart:async/future.dart:518:21)
<asynchronous suspension>
#6      _BuildInstance.invokeTarget (package:flutter_tools/src/build_system/build_system.dart:799:32)
<asynchronous suspension>
#7      FlutterBuildSystem.build (package:flutter_tools/src/build_system/build_system.dart:628:16)
<asynchronous suspension>
#8      AssembleCommand.runCommand (package:flutter_tools/src/commands/assemble.dart:318:32)
<asynchronous suspension>
#9      FlutterCommand.run.<anonymous closure> (package:flutter_tools/src/runner/flutter_command.dart:1389:27)
<asynchronous suspension>
#10     AppContext.run.<anonymous closure> (package:flutter_tools/src/base/context.dart:153:19)
<asynchronous suspension>
#11     CommandRunner.runCommand (package:args/command_runner.dart:212:13)
<asynchronous suspension>
#12     FlutterCommandRunner.runCommand.<anonymous closure> (package:flutter_tools/src/runner/flutter_command_runner.dart:355:9)
<asynchronous suspension>
#13     AppContext.run.<anonymous closure> (package:flutter_tools/src/base/context.dart:153:19)
<asynchronous suspension>
#14     FlutterCommandRunner.runCommand (package:flutter_tools/src/runner/flutter_command_runner.dart:295:5)
<asynchronous suspension>
#15     run.<anonymous closure>.<anonymous closure> (package:flutter_tools/runner.dart:119:9)
<asynchronous suspension>
#16     AppContext.run.<anonymous closure> (package:flutter_tools/src/base/context.dart:153:19)
<asynchronous suspension>
#17     main (package:flutter_tools/executable.dart:90:3)
<asynchronous suspension>
```

## flutter doctor

```
[!] Flutter (Channel stable, 3.19.2, on macOS 14.0 23A344 darwin-x64, locale en-EG)
    • Flutter version 3.19.2 on channel stable at /Users/macbook/Dev/flutter
    ! The flutter binary is not on your path. Consider adding /Users/macbook/Dev/flutter/bin to your path.
    ! The dart binary is not on your path. Consider adding /Users/macbook/Dev/flutter/bin to your path.
    • Upstream repository https://github.com/flutter/flutter.git
    • Framework revision 7482962148 (5 days ago), 2024-02-27 16:51:22 -0500
    • Engine revision 04817c99c9
    • Dart version 3.3.0
    • DevTools version 2.31.1
    • If those were intentional, you can disregard the above warnings; however it is recommended to use "git" directly to perform update checks and upgrades.

[✓] Android toolchain - develop for Android devices (Android SDK version 34.0.0)
    • Android SDK at /Users/macbook/Library/Android/sdk
    • Platform android-34, build-tools 34.0.0
    • Java binary at: /Applications/Android Studio.app/Contents/jbr/Contents/Home/bin/java
    • Java version OpenJDK Runtime Environment (build 17.0.7+0-17.0.7b1000.6-10550314)
    • All Android licenses accepted.

[✓] Xcode - develop for iOS and macOS (Xcode 15.1)
    • Xcode at /Applications/Xcode.app/Contents/Developer
    • Build 15C65
    • CocoaPods version 1.14.3

[✓] Chrome - develop for the web
    • Chrome at /Applications/Google Chrome.app/Contents/MacOS/Google Chrome

[✓] Android Studio (version 2023.1)
    • Android Studio at /Applications/Android Studio.app/Contents
    • Flutter plugin can be installed from:
      🔨 https://plugins.jetbrains.com/plugin/9212-flutter
    • Dart plugin can be installed from:
      🔨 https://plugins.jetbrains.com/plugin/6351-dart
    • Java version OpenJDK Runtime Environment (build 17.0.7+0-17.0.7b1000.6-10550314)

[✓] Connected device (4 available)
    • Android SDK built for x86 (mobile) • emulator-5554                        • android-x86    • Android 10 (API 29) (emulator)
    • iPhone 15 (mobile)                 • 19A633FA-774A-4893-9674-6B2F998E5E26 • ios            • com.apple.CoreSimulator.SimRuntime.iOS-17-2 (simulator)
    • macOS (desktop)                    • macos                                • darwin-x64     • macOS 14.0 23A344 darwin-x64
    • Chrome (web)                       • chrome                               • web-javascript • Google Chrome 122.0.6261.94
    ! Error: Browsing on the local area network for amr’s iPhone. Ensure the device is unlocked and attached with a cable or associated with the same local area network as this Mac.
      The device must be opted into Developer Mode to connect wirelessly. (code -27)

[✓] Network resources
    • All expected network resources are available.

! Doctor found issues in 1 category.
```
